<?xml version="1.0" encoding="UTF-8"?>
<!-- Generated by org.testng.reporters.JUnitXMLReporter -->
<testsuite ignored="0" hostname="DESKTOP-3FO53C9" failures="2" tests="2" name="Test" time="25.831" errors="0" timestamp="2022-12-09T15:37:20 IST">
  <testcase classname="com.TutorialsNinja.Framework.NinjaTestCases.LoginPageTest" name="VerifyUserLogin" time="0.008">
    <failure type="java.lang.Error" message="Unresolved compilation problems: 
	test cannot be resolved to a variable
	extent cannot be resolved
">
      <![CDATA[java.lang.Error: Unresolved compilation problems: 
test cannot be resolved to a variable
extent cannot be resolved

at com.TutorialsNinja.Framework.NinjaTestCases.LoginPageTest.VerifyUserLogin(LoginPageTest.java:20)
at java.base/java.util.ArrayList.forEach(ArrayList.java:1511)
... Removed 27 stack frames]]>
    </failure>
  </testcase> <!-- VerifyUserLogin -->
  <testcase classname="com.TutorialsNinja.Framework.NinjaTestCases.LoginPageTest" name="VerifyUserLogin" time="25.05">
    <failure type="java.lang.NullPointerException" message="Cannot invoke &amp;quot;com.aventstack.extentreports.ExtentTest.log(com.aventstack.extentreports.Status, String)&amp;quot; because &amp;quot;this.test&amp;quot; is null">
      <![CDATA[java.lang.NullPointerException: Cannot invoke "com.aventstack.extentreports.ExtentTest.log(com.aventstack.extentreports.Status, String)" because "this.test" is null
at com.TutorialNinja.Listener.TestNGlistenerClass.onTestFailure(TestNGlistenerClass.java:25)
at java.base/java.util.ArrayList.forEach(ArrayList.java:1511)
... Removed 24 stack frames]]>
    </failure>
  </testcase> <!-- VerifyUserLogin -->
</testsuite> <!-- Test -->
