<?xml version="1.0" encoding="UTF-8"?>
<testng-results ignored="0" total="1" passed="0" failed="1" skipped="0">
  <reporter-output>
  </reporter-output>
  <suite started-at="2022-12-08T22:45:03 IST" name="Suite" finished-at="2022-12-08T22:45:22 IST" duration-ms="19659">
    <groups>
    </groups>
    <test started-at="2022-12-08T22:45:03 IST" name="Test" finished-at="2022-12-08T22:45:22 IST" duration-ms="19659">
      <class name="com.TutorialsNinja.Framework.NinjaTestCases.LoginPageTest">
        <test-method is-config="true" signature="generateReport()[pri:0, instance:com.TutorialsNinja.Framework.NinjaTestCases.LoginPageTest@130c12b7]" started-at="2022-12-08T22:45:03 IST" name="generateReport" finished-at="2022-12-08T22:45:03 IST" duration-ms="330" status="PASS">
          <reporter-output>
          </reporter-output>
        </test-method> <!-- generateReport -->
        <test-method is-config="true" signature="intilizeBrowser()[pri:0, instance:com.TutorialsNinja.Framework.NinjaTestCases.LoginPageTest@130c12b7]" started-at="2022-12-08T22:45:03 IST" name="intilizeBrowser" finished-at="2022-12-08T22:45:21 IST" duration-ms="18106" status="PASS">
          <reporter-output>
          </reporter-output>
        </test-method> <!-- intilizeBrowser -->
        <test-method signature="VerifyUserLogin()[pri:0, instance:com.TutorialsNinja.Framework.NinjaTestCases.LoginPageTest@130c12b7]" started-at="2022-12-08T22:45:21 IST" name="VerifyUserLogin" finished-at="2022-12-08T22:45:21 IST" duration-ms="13" status="FAIL">
          <exception class="java.lang.NullPointerException">
            <message>
              <![CDATA[Cannot invoke "org.openqa.selenium.SearchContext.findElement(org.openqa.selenium.By)" because "this.searchContext" is null]]>
            </message>
            <full-stacktrace>
              <![CDATA[java.lang.NullPointerException: Cannot invoke "org.openqa.selenium.SearchContext.findElement(org.openqa.selenium.By)" because "this.searchContext" is null
at org.openqa.selenium.support.pagefactory.DefaultElementLocator.findElement(DefaultElementLocator.java:70)
at org.openqa.selenium.support.pagefactory.internal.LocatingElementHandler.invoke(LocatingElementHandler.java:39)
at jdk.proxy2/jdk.proxy2.$Proxy14.click(Unknown Source)
at com.TutorialsNinja.Framework.NinjaPages.LoginPage.clickOnMyAccountDropDown(LoginPage.java:32)
at com.TutorialsNinja.Framework.NinjaTestCases.LoginPageTest.VerifyUserLogin(LoginPageTest.java:21)
at java.base/jdk.internal.reflect.NativeMethodAccessorImpl.invoke0(Native Method)
at java.base/jdk.internal.reflect.NativeMethodAccessorImpl.invoke(NativeMethodAccessorImpl.java:77)
at java.base/jdk.internal.reflect.DelegatingMethodAccessorImpl.invoke(DelegatingMethodAccessorImpl.java:43)
at java.base/java.lang.reflect.Method.invoke(Method.java:568)
at org.testng.internal.MethodInvocationHelper.invokeMethod(MethodInvocationHelper.java:134)
at org.testng.internal.TestInvoker.invokeMethod(TestInvoker.java:597)
at org.testng.internal.TestInvoker.invokeTestMethod(TestInvoker.java:173)
at org.testng.internal.MethodRunner.runInSequence(MethodRunner.java:46)
at org.testng.internal.TestInvoker$MethodInvocationAgent.invoke(TestInvoker.java:816)
at org.testng.internal.TestInvoker.invokeTestMethods(TestInvoker.java:146)
at org.testng.internal.TestMethodWorker.invokeTestMethods(TestMethodWorker.java:146)
at org.testng.internal.TestMethodWorker.run(TestMethodWorker.java:128)
at java.base/java.util.ArrayList.forEach(ArrayList.java:1511)
at org.testng.TestRunner.privateRun(TestRunner.java:766)
at org.testng.TestRunner.run(TestRunner.java:587)
at org.testng.SuiteRunner.runTest(SuiteRunner.java:384)
at org.testng.SuiteRunner.runSequentially(SuiteRunner.java:378)
at org.testng.SuiteRunner.privateRun(SuiteRunner.java:337)
at org.testng.SuiteRunner.run(SuiteRunner.java:286)
at org.testng.SuiteRunnerWorker.runSuite(SuiteRunnerWorker.java:53)
at org.testng.SuiteRunnerWorker.run(SuiteRunnerWorker.java:96)
at org.testng.TestNG.runSuitesSequentially(TestNG.java:1187)
at org.testng.TestNG.runSuitesLocally(TestNG.java:1109)
at org.testng.TestNG.runSuites(TestNG.java:1039)
at org.testng.TestNG.run(TestNG.java:1007)
at org.testng.remote.AbstractRemoteTestNG.run(AbstractRemoteTestNG.java:115)
at org.testng.remote.RemoteTestNG.initAndRun(RemoteTestNG.java:251)
at org.testng.remote.RemoteTestNG.main(RemoteTestNG.java:77)
]]>
            </full-stacktrace>
          </exception> <!-- java.lang.NullPointerException -->
          <reporter-output>
          </reporter-output>
        </test-method> <!-- VerifyUserLogin -->
        <test-method is-config="true" signature="tearDown(org.testng.ITestResult)[pri:0, instance:com.TutorialsNinja.Framework.NinjaTestCases.LoginPageTest@130c12b7]" started-at="2022-12-08T22:45:21 IST" name="tearDown" finished-at="2022-12-08T22:45:21 IST" duration-ms="190" status="PASS">
          <params>
            <param index="0">
              <value>
                <![CDATA[[TestResult name=VerifyUserLogin status=FAILURE method=LoginPageTest.VerifyUserLogin()[pri:0, instance:com.TutorialsNinja.Framework.NinjaTestCases.LoginPageTest@130c12b7] output={null}]]]>
              </value>
            </param>
          </params>
          <reporter-output>
          </reporter-output>
        </test-method> <!-- tearDown -->
        <test-method is-config="true" signature="endreport()[pri:0, instance:com.TutorialsNinja.Framework.NinjaTestCases.LoginPageTest@130c12b7]" started-at="2022-12-08T22:45:22 IST" name="endreport" finished-at="2022-12-08T22:45:22 IST" duration-ms="716" status="PASS">
          <reporter-output>
          </reporter-output>
        </test-method> <!-- endreport -->
      </class> <!-- com.TutorialsNinja.Framework.NinjaTestCases.LoginPageTest -->
    </test> <!-- Test -->
  </suite> <!-- Suite -->
</testng-results>
